<?xml version="1.0" encoding="UTF-8"?>
<!-- Generated by org.testng.reporters.JUnitXMLReporter -->
<testsuite ignored="0" hostname="Mentalist-Dell" failures="1" tests="2" name="Test(failed)" time="16.869" errors="0" timestamp="2025-03-27T15:45:47 EDT">
  <testcase classname="testCases.TC001_AccountRegisterTest" name="verify_account_Register" time="2.54">
    <failure type="java.lang.AssertionError" message="expected [Your Account Has Been Created!] but found [Register Account]">
      <![CDATA[java.lang.AssertionError: expected [Your Account Has Been Created!] but found [Register Account]
at testCases.TC001_AccountRegisterTest.verify_account_Register(TC001_AccountRegisterTest.java:43)
at java.base/java.util.ArrayList.forEach(ArrayList.java:1511)
at com.intellij.rt.testng.IDEARemoteTestNG.run(IDEARemoteTestNG.java:66)
at com.intellij.rt.testng.RemoteTestNGStarter.main(RemoteTestNGStarter.java:105)
... Removed 30 stack frames]]>
    </failure>
  </testcase> <!-- verify_account_Register -->
  <testcase classname="testCases.TC002_LoginTest" name="verify_login_test" time="1.686"/>
</testsuite> <!-- Test(failed) -->
